<?xml version="1.0" encoding="UTF-8"?>
<testsuites name="TestSuiteLogin" time="177.344" tests="3" failures="0" skips="0" errors="0">
   <testsuite name="TestSuiteLogin" tests="3" failures="0" errors="0" time="177.344" skips="0" timestamp="2021-02-02 16:22:03" hostname="vinny - LAPTOP-RE4EIHP2.station" id="Test Suites/TestSuiteLogin">
      <properties>
         <property name="deviceName" value=""/>
         <property name="devicePlatform" value=""/>
         <property name="logFolder" value="C:\\Users\\vinny\\Documents\\GitHub\\NewDM\\NewDMKatalon\\Reports\\20210202_162157\\TestSuiteLogin\\20210202_162157"/>
         <property name="logFiles" value="C:\\Users\\vinny\\Documents\\GitHub\\NewDM\\NewDMKatalon\\Reports\\20210202_162157\\TestSuiteLogin\\20210202_162157\\execution0.log"/>
         <property name="attachments" value=""/>
         <property name="hostName" value="vinny - LAPTOP-RE4EIHP2.station"/>
         <property name="hostAddress" value="192.168.1.7"/>
         <property name="desiredCapabilities" value="{}"/>
         <property name="os" value="Windows 10 64bit"/>
         <property name="katalonVersion" value="7.9.0.208"/>
      </properties>
      <testcase name="Test Cases/TC_U_1_1" time="132.143" classname="Test Cases/TC_U_1_1" status="PASSED">
         <system-out><![CDATA[2021-02-02 16:22:05 - [TEST_CASE][PASSED] - Test Cases/TC_U_1_1: Test Cases/TC_U_1_1

2021-02-02 16:22:06 - [TEST_STEP][PASSED] - startApplicationWithTitle("C:\Users\vinny\Documents\GitHub\NewDM\JAVA\NewDMApp\out\artifacts\NewDMApp\bundles\NewDMApp\NewDMApp.exe", ""): The application at location: C:\Users\vinny\Documents\GitHub\NewDM\JAVA\NewDMApp\out\artifacts\NewDMApp\bundles\NewDMApp\NewDMApp.exe started.

2021-02-02 16:22:06 - [MESSAGE][INFO] - Starting application C:\Users\vinny\Documents\GitHub\NewDM\JAVA\NewDMApp\out\artifacts\NewDMApp\bundles\NewDMApp\NewDMApp.exe on the local machine at address http://127.0.0.1:4723

2021-02-02 16:22:09 - [MESSAGE][PASSED] - The application at location: C:\Users\vinny\Documents\GitHub\NewDM\JAVA\NewDMApp\out\artifacts\NewDMApp\bundles\NewDMApp\NewDMApp.exe started.

2021-02-02 16:22:09 - [TEST_STEP][PASSED] - click(findWindowsObject("Magazzino")): Click on element: Object Repository/Magazzino succesfully

2021-02-02 16:22:10 - [MESSAGE][INFO] - Clicking on element: Object Repository/Magazzino

2021-02-02 16:22:10 - [MESSAGE][PASSED] - Click on element: Object Repository/Magazzino succesfully

2021-02-02 16:22:10 - [TEST_STEP][PASSED] - click(findWindowsObject("CodUtenteLogIn")): Click on element: Object Repository/CodUtenteLogIn succesfully

2021-02-02 16:22:11 - [MESSAGE][INFO] - Clicking on element: Object Repository/CodUtenteLogIn

2021-02-02 16:22:11 - [MESSAGE][PASSED] - Click on element: Object Repository/CodUtenteLogIn succesfully

2021-02-02 16:22:11 - [TEST_STEP][PASSED] - setText(findWindowsObject("CodUtenteLogInText"), "utente"): Text utente is set

2021-02-02 16:22:13 - [MESSAGE][PASSED] - Text utente is set

2021-02-02 16:22:13 - [TEST_STEP][PASSED] - click(findWindowsObject("AccediLogIn")): Click on element: Object Repository/AccediLogIn succesfully

2021-02-02 16:22:14 - [MESSAGE][INFO] - Clicking on element: Object Repository/AccediLogIn

2021-02-02 16:22:14 - [MESSAGE][PASSED] - Click on element: Object Repository/AccediLogIn succesfully

2021-02-02 16:22:14 - [TEST_STEP][PASSED] - switchToWindowTitle("Errore"): Switch to window 'Errore' successfully

2021-02-02 16:22:15 - [MESSAGE][INFO] - Start finding a window that matches with title 'Errore' in 120.000 millisecond(s)

2021-02-02 16:24:16 - [MESSAGE][PASSED] - Switch to window 'Errore' successfully

2021-02-02 16:24:16 - [TEST_STEP][PASSED] - text = getText(findWindowsObject("MessaggioErrore")): Text of test object: Object Repository/MessaggioErrore is: Utente non trovato
Controlla username e password

2021-02-02 16:24:17 - [MESSAGE][PASSED] - Text of test object: Object Repository/MessaggioErrore is: Utente non trovato
Controlla username e password

2021-02-02 16:24:17 - [TEST_STEP][PASSED] - assert text == "Utente non trovato
Controlla username e password": null

2021-02-02 16:24:17 - [TEST_STEP][PASSED] - closeApplication(): Fire Close event sucessfully.

2021-02-02 16:24:17 - [MESSAGE][PASSED] - Fire Close event sucessfully.]]></system-out>
         <system-err><![CDATA[]]></system-err>
      </testcase>
      <testcase name="Test Cases/TC_U_1_2" time="31.908" classname="Test Cases/TC_U_1_2" status="PASSED">
         <system-out><![CDATA[2021-02-02 16:24:17 - [TEST_CASE][PASSED] - Test Cases/TC_U_1_2: Test Cases/TC_U_1_2

2021-02-02 16:24:17 - [TEST_STEP][PASSED] - startApplicationWithTitle("C:\Users\vinny\Documents\GitHub\NewDM\JAVA\NewDMApp\out\artifacts\NewDMApp\bundles\NewDMApp\NewDMApp.exe", ""): The application at location: C:\Users\vinny\Documents\GitHub\NewDM\JAVA\NewDMApp\out\artifacts\NewDMApp\bundles\NewDMApp\NewDMApp.exe started.

2021-02-02 16:24:17 - [MESSAGE][INFO] - Starting application C:\Users\vinny\Documents\GitHub\NewDM\JAVA\NewDMApp\out\artifacts\NewDMApp\bundles\NewDMApp\NewDMApp.exe on the local machine at address http://127.0.0.1:4723

2021-02-02 16:24:19 - [MESSAGE][PASSED] - The application at location: C:\Users\vinny\Documents\GitHub\NewDM\JAVA\NewDMApp\out\artifacts\NewDMApp\bundles\NewDMApp\NewDMApp.exe started.

2021-02-02 16:24:19 - [TEST_STEP][PASSED] - click(findWindowsObject("Magazzino")): Click on element: Object Repository/Magazzino succesfully

2021-02-02 16:24:20 - [MESSAGE][INFO] - Clicking on element: Object Repository/Magazzino

2021-02-02 16:24:20 - [MESSAGE][PASSED] - Click on element: Object Repository/Magazzino succesfully

2021-02-02 16:24:20 - [TEST_STEP][PASSED] - click(findWindowsObject("CodUtenteLogIn")): Click on element: Object Repository/CodUtenteLogIn succesfully

2021-02-02 16:24:21 - [MESSAGE][INFO] - Clicking on element: Object Repository/CodUtenteLogIn

2021-02-02 16:24:21 - [MESSAGE][PASSED] - Click on element: Object Repository/CodUtenteLogIn succesfully

2021-02-02 16:24:21 - [TEST_STEP][PASSED] - setText(findWindowsObject("CodUtenteLogInText"), "cirofu"): Text cirofu is set

2021-02-02 16:24:23 - [MESSAGE][PASSED] - Text cirofu is set

2021-02-02 16:24:23 - [TEST_STEP][PASSED] - click(findWindowsObject("PasswordLogIn")): Click on element: Object Repository/PasswordLogIn succesfully

2021-02-02 16:24:24 - [MESSAGE][INFO] - Clicking on element: Object Repository/PasswordLogIn

2021-02-02 16:24:24 - [MESSAGE][PASSED] - Click on element: Object Repository/PasswordLogIn succesfully

2021-02-02 16:24:24 - [TEST_STEP][PASSED] - setText(findWindowsObject("PasswordLogInText"), "ciao"): Text ciao is set

2021-02-02 16:24:26 - [MESSAGE][PASSED] - Text ciao is set

2021-02-02 16:24:26 - [TEST_STEP][PASSED] - click(findWindowsObject("AccediLogIn")): Click on element: Object Repository/AccediLogIn succesfully

2021-02-02 16:24:26 - [MESSAGE][INFO] - Clicking on element: Object Repository/AccediLogIn

2021-02-02 16:24:27 - [MESSAGE][PASSED] - Click on element: Object Repository/AccediLogIn succesfully

2021-02-02 16:24:27 - [TEST_STEP][PASSED] - switchToWindowTitle("Errore"): Switch to window 'Errore' successfully

2021-02-02 16:24:27 - [MESSAGE][INFO] - Start finding a window that matches with title 'Errore' in 120.000 millisecond(s)

2021-02-02 16:24:48 - [MESSAGE][PASSED] - Switch to window 'Errore' successfully

2021-02-02 16:24:48 - [TEST_STEP][PASSED] - text = getText(findWindowsObject("MessaggioErrore")): Text of test object: Object Repository/MessaggioErrore is: Utente non trovato
Controlla username e password

2021-02-02 16:24:49 - [MESSAGE][PASSED] - Text of test object: Object Repository/MessaggioErrore is: Utente non trovato
Controlla username e password

2021-02-02 16:24:49 - [TEST_STEP][PASSED] - assert text == "Utente non trovato
Controlla username e password": null

2021-02-02 16:24:49 - [TEST_STEP][PASSED] - closeApplication(): Fire Close event sucessfully.

2021-02-02 16:24:49 - [MESSAGE][PASSED] - Fire Close event sucessfully.]]></system-out>
         <system-err><![CDATA[]]></system-err>
      </testcase>
      <testcase name="Test Cases/TC_U_1_3" time="11.177" classname="Test Cases/TC_U_1_3" status="PASSED">
         <system-out><![CDATA[2021-02-02 16:24:49 - [TEST_CASE][PASSED] - Test Cases/TC_U_1_3: Test Cases/TC_U_1_3

2021-02-02 16:24:49 - [TEST_STEP][PASSED] - startApplicationWithTitle("C:\Users\vinny\Documents\GitHub\NewDM\JAVA\NewDMApp\out\artifacts\NewDMApp\bundles\NewDMApp\NewDMApp.exe", ""): The application at location: C:\Users\vinny\Documents\GitHub\NewDM\JAVA\NewDMApp\out\artifacts\NewDMApp\bundles\NewDMApp\NewDMApp.exe started.

2021-02-02 16:24:49 - [MESSAGE][INFO] - Starting application C:\Users\vinny\Documents\GitHub\NewDM\JAVA\NewDMApp\out\artifacts\NewDMApp\bundles\NewDMApp\NewDMApp.exe on the local machine at address http://127.0.0.1:4723

2021-02-02 16:24:51 - [MESSAGE][PASSED] - The application at location: C:\Users\vinny\Documents\GitHub\NewDM\JAVA\NewDMApp\out\artifacts\NewDMApp\bundles\NewDMApp\NewDMApp.exe started.

2021-02-02 16:24:51 - [TEST_STEP][PASSED] - click(findWindowsObject("Magazzino")): Click on element: Object Repository/Magazzino succesfully

2021-02-02 16:24:52 - [MESSAGE][INFO] - Clicking on element: Object Repository/Magazzino

2021-02-02 16:24:52 - [MESSAGE][PASSED] - Click on element: Object Repository/Magazzino succesfully

2021-02-02 16:24:52 - [TEST_STEP][PASSED] - click(findWindowsObject("CodUtenteLogIn")): Click on element: Object Repository/CodUtenteLogIn succesfully

2021-02-02 16:24:53 - [MESSAGE][INFO] - Clicking on element: Object Repository/CodUtenteLogIn

2021-02-02 16:24:53 - [MESSAGE][PASSED] - Click on element: Object Repository/CodUtenteLogIn succesfully

2021-02-02 16:24:53 - [TEST_STEP][PASSED] - setText(findWindowsObject("CodUtenteLogInText"), "cirofu"): Text cirofu is set

2021-02-02 16:24:55 - [MESSAGE][PASSED] - Text cirofu is set

2021-02-02 16:24:55 - [TEST_STEP][PASSED] - click(findWindowsObject("PasswordLogIn")): Click on element: Object Repository/PasswordLogIn succesfully

2021-02-02 16:24:55 - [MESSAGE][INFO] - Clicking on element: Object Repository/PasswordLogIn

2021-02-02 16:24:56 - [MESSAGE][PASSED] - Click on element: Object Repository/PasswordLogIn succesfully

2021-02-02 16:24:56 - [TEST_STEP][PASSED] - setText(findWindowsObject("PasswordLogInText"), "cirofu"): Text cirofu is set

2021-02-02 16:24:58 - [MESSAGE][PASSED] - Text cirofu is set

2021-02-02 16:24:58 - [TEST_STEP][PASSED] - click(findWindowsObject("AccediLogIn")): Click on element: Object Repository/AccediLogIn succesfully

2021-02-02 16:24:58 - [MESSAGE][INFO] - Clicking on element: Object Repository/AccediLogIn

2021-02-02 16:24:59 - [MESSAGE][PASSED] - Click on element: Object Repository/AccediLogIn succesfully

2021-02-02 16:24:59 - [TEST_STEP][PASSED] - text = getText(findWindowsObject("DashboardMagazzinoLabel")): Text of test object: Object Repository/DashboardMagazzinoLabel is: Dashboard - Magazzino

2021-02-02 16:25:00 - [MESSAGE][PASSED] - Text of test object: Object Repository/DashboardMagazzinoLabel is: Dashboard - Magazzino

2021-02-02 16:25:00 - [TEST_STEP][PASSED] - assert text == "Dashboard - Magazzino": null

2021-02-02 16:25:00 - [TEST_STEP][PASSED] - closeApplication(): Fire Close event sucessfully.

2021-02-02 16:25:00 - [MESSAGE][PASSED] - Fire Close event sucessfully.]]></system-out>
         <system-err><![CDATA[]]></system-err>
      </testcase>
      <system-out><![CDATA[2021-02-02 16:22:03 - [TEST_SUITE][PASSED] - TestSuiteLogin: Test Cases/TC_U_1_3]]></system-out>
      <system-err><![CDATA[]]></system-err>
   </testsuite>
</testsuites>
