<?xml version="1.0" encoding="UTF-8"?>
<testsuites name="TestSuiteCassa" time="126.401" tests="3" failures="0" skips="0" errors="0">
   <testsuite name="TestSuiteCassa" tests="3" failures="0" errors="0" time="126.401" skips="0" timestamp="2021-02-01 13:30:06" hostname="vinny - LAPTOP-RE4EIHP2" id="Test Suites/TestSuiteCassa">
      <properties>
         <property name="deviceName" value=""/>
         <property name="devicePlatform" value=""/>
         <property name="logFolder" value="C:\\Users\\vinny\\Documents\\GitHub\\NewDM\\NewDMKatalon\\Reports\\20210201_133000\\TestSuiteCassa\\20210201_133000"/>
         <property name="logFiles" value="C:\\Users\\vinny\\Documents\\GitHub\\NewDM\\NewDMKatalon\\Reports\\20210201_133000\\TestSuiteCassa\\20210201_133000\\execution0.log"/>
         <property name="attachments" value=""/>
         <property name="hostName" value="vinny - LAPTOP-RE4EIHP2"/>
         <property name="hostAddress" value="192.168.43.108"/>
         <property name="desiredCapabilities" value="{}"/>
         <property name="os" value="Windows 10 64bit"/>
         <property name="katalonVersion" value="7.9.0.208"/>
      </properties>
      <testcase name="Test Cases/TC_C_1_1" time="52.188" classname="Test Cases/TC_C_1_1" status="PASSED">
         <system-out><![CDATA[2021-02-01 13:30:08 - [TEST_CASE][PASSED] - Test Cases/TC_C_1_1: Test Cases/TC_C_1_1

2021-02-01 13:30:09 - [TEST_STEP][PASSED] - callTestCase(findTestCase("BeforeCassa"), [:], STOP_ON_FAILURE): Call Test Case 'Test Cases/BeforeCassa' successfully

2021-02-01 13:30:09 - [TEST_CASE][PASSED] - Test Cases/BeforeCassa: Test Cases/BeforeCassa

2021-02-01 13:30:10 - [TEST_STEP][PASSED] - startApplicationWithTitle("C:\Users\vinny\Documents\GitHub\NewDM\JAVA\NewDMApp\out\artifacts\NewDMApp\bundles\NewDMApp\NewDMApp.exe", ""): The application at location: C:\Users\vinny\Documents\GitHub\NewDM\JAVA\NewDMApp\out\artifacts\NewDMApp\bundles\NewDMApp\NewDMApp.exe started.

2021-02-01 13:30:10 - [MESSAGE][INFO] - Starting application C:\Users\vinny\Documents\GitHub\NewDM\JAVA\NewDMApp\out\artifacts\NewDMApp\bundles\NewDMApp\NewDMApp.exe on the local machine at address http://127.0.0.1:4723

2021-02-01 13:30:13 - [MESSAGE][PASSED] - The application at location: C:\Users\vinny\Documents\GitHub\NewDM\JAVA\NewDMApp\out\artifacts\NewDMApp\bundles\NewDMApp\NewDMApp.exe started.

2021-02-01 13:30:13 - [TEST_STEP][PASSED] - click(findWindowsObject("Cassa")): Click on element: Object Repository/Cassa succesfully

2021-02-01 13:30:14 - [MESSAGE][INFO] - Clicking on element: Object Repository/Cassa

2021-02-01 13:30:14 - [MESSAGE][PASSED] - Click on element: Object Repository/Cassa succesfully

2021-02-01 13:30:14 - [TEST_STEP][PASSED] - click(findWindowsObject("CodUtenteLogIn")): Click on element: Object Repository/CodUtenteLogIn succesfully

2021-02-01 13:30:14 - [MESSAGE][INFO] - Clicking on element: Object Repository/CodUtenteLogIn

2021-02-01 13:30:15 - [MESSAGE][PASSED] - Click on element: Object Repository/CodUtenteLogIn succesfully

2021-02-01 13:30:15 - [TEST_STEP][PASSED] - setText(findWindowsObject("CodUtenteLogInText"), "cirofu"): Text cirofu is set

2021-02-01 13:30:17 - [MESSAGE][PASSED] - Text cirofu is set

2021-02-01 13:30:17 - [TEST_STEP][PASSED] - click(findWindowsObject("PasswordLogIn")): Click on element: Object Repository/PasswordLogIn succesfully

2021-02-01 13:30:17 - [MESSAGE][INFO] - Clicking on element: Object Repository/PasswordLogIn

2021-02-01 13:30:18 - [MESSAGE][PASSED] - Click on element: Object Repository/PasswordLogIn succesfully

2021-02-01 13:30:18 - [TEST_STEP][PASSED] - setText(findWindowsObject("PasswordLogInText"), "cirofu"): Text cirofu is set

2021-02-01 13:30:20 - [MESSAGE][PASSED] - Text cirofu is set

2021-02-01 13:30:20 - [TEST_STEP][PASSED] - click(findWindowsObject("AccediLogIn")): Click on element: Object Repository/AccediLogIn succesfully

2021-02-01 13:30:20 - [MESSAGE][INFO] - Clicking on element: Object Repository/AccediLogIn

2021-02-01 13:30:21 - [MESSAGE][PASSED] - Click on element: Object Repository/AccediLogIn succesfully

2021-02-01 13:30:21 - [TEST_STEP][PASSED] - click(findWindowsObject("InserisciProdottoCassa")): Click on element: Object Repository/InserisciProdottoCassa succesfully

2021-02-01 13:30:21 - [MESSAGE][INFO] - Clicking on element: Object Repository/InserisciProdottoCassa

2021-02-01 13:30:22 - [MESSAGE][PASSED] - Click on element: Object Repository/InserisciProdottoCassa succesfully

2021-02-01 13:30:22 - [TEST_STEP][PASSED] - click(findWindowsObject("CodProdottoCassa")): Click on element: Object Repository/CodProdottoCassa succesfully

2021-02-01 13:30:22 - [MESSAGE][INFO] - Clicking on element: Object Repository/CodProdottoCassa

2021-02-01 13:30:23 - [MESSAGE][PASSED] - Click on element: Object Repository/CodProdottoCassa succesfully

2021-02-01 13:30:23 - [TEST_STEP][PASSED] - setText(findWindowsObject("CodProdottoCassaText"), "1000000000001"): Text 1000000000001 is set

2021-02-01 13:30:25 - [MESSAGE][PASSED] - Text 1000000000001 is set

2021-02-01 13:30:25 - [TEST_STEP][PASSED] - click(findWindowsObject("InserisciProdottoInserimentoCassa")): Click on element: Object Repository/InserisciProdottoInserimentoCassa succesfully

2021-02-01 13:30:26 - [MESSAGE][INFO] - Clicking on element: Object Repository/InserisciProdottoInserimentoCassa

2021-02-01 13:30:26 - [MESSAGE][PASSED] - Click on element: Object Repository/InserisciProdottoInserimentoCassa succesfully

2021-02-01 13:30:26 - [TEST_STEP][PASSED] - sendKeys(findWindowsObject("Object Repository/Window"), Keys.chord(ENTER)): Keys  are pressed

2021-02-01 13:30:26 - [MESSAGE][PASSED] - Keys  are pressed

2021-02-01 13:30:26 - [TEST_STEP][PASSED] - click(findWindowsObject("IndietroCassa")): Click on element: Object Repository/IndietroCassa succesfully

2021-02-01 13:30:27 - [MESSAGE][INFO] - Clicking on element: Object Repository/IndietroCassa

2021-02-01 13:30:27 - [MESSAGE][PASSED] - Click on element: Object Repository/IndietroCassa succesfully

2021-02-01 13:30:27 - [TEST_STEP][PASSED] - click(findWindowsObject("TerminaCassa")): Click on element: Object Repository/TerminaCassa succesfully

2021-02-01 13:30:28 - [MESSAGE][INFO] - Clicking on element: Object Repository/TerminaCassa

2021-02-01 13:30:28 - [MESSAGE][PASSED] - Click on element: Object Repository/TerminaCassa succesfully

2021-02-01 13:30:28 - [MESSAGE][PASSED] - Call Test Case 'Test Cases/BeforeCassa' successfully

2021-02-01 13:30:28 - [TEST_STEP][PASSED] - click(findWindowsObject("SommaVersata")): Click on element: Object Repository/SommaVersata succesfully

2021-02-01 13:30:29 - [MESSAGE][INFO] - Clicking on element: Object Repository/SommaVersata

2021-02-01 13:30:29 - [MESSAGE][PASSED] - Click on element: Object Repository/SommaVersata succesfully

2021-02-01 13:30:29 - [TEST_STEP][PASSED] - setText(findWindowsObject("SommaVersataText"), "aa"): Text aa is set

2021-02-01 13:30:31 - [MESSAGE][PASSED] - Text aa is set

2021-02-01 13:30:31 - [TEST_STEP][PASSED] - click(findWindowsObject("ConfermaSommaVersata")): Click on element: Object Repository/ConfermaSommaVersata succesfully

2021-02-01 13:30:31 - [MESSAGE][INFO] - Clicking on element: Object Repository/ConfermaSommaVersata

2021-02-01 13:30:32 - [MESSAGE][PASSED] - Click on element: Object Repository/ConfermaSommaVersata succesfully

2021-02-01 13:30:32 - [TEST_STEP][PASSED] - switchToWindowTitle("Errore"): Switch to window 'Errore' successfully

2021-02-01 13:30:32 - [MESSAGE][INFO] - Start finding a window that matches with title 'Errore' in 120.000 millisecond(s)

2021-02-01 13:30:59 - [MESSAGE][PASSED] - Switch to window 'Errore' successfully

2021-02-01 13:30:59 - [TEST_STEP][PASSED] - text = getText(findWindowsObject("Object Repository/MessaggioErrore")): Text of test object: Object Repository/MessaggioErrore is: Inserisci una somma valida

2021-02-01 13:31:00 - [MESSAGE][PASSED] - Text of test object: Object Repository/MessaggioErrore is: Inserisci una somma valida

2021-02-01 13:31:00 - [TEST_STEP][PASSED] - assert text == "Inserisci una somma valida": null

2021-02-01 13:31:00 - [TEST_STEP][PASSED] - closeApplication(): Fire Close event sucessfully.

2021-02-01 13:31:00 - [MESSAGE][PASSED] - Fire Close event sucessfully.]]></system-out>
         <system-err><![CDATA[]]></system-err>
      </testcase>
      <testcase name="Test Cases/TC_C_1_2" time="50.7" classname="Test Cases/TC_C_1_2" status="PASSED">
         <system-out><![CDATA[2021-02-01 13:31:00 - [TEST_CASE][PASSED] - Test Cases/TC_C_1_2: Test Cases/TC_C_1_2

2021-02-01 13:31:00 - [TEST_STEP][PASSED] - callTestCase(findTestCase("BeforeCassa"), [:], STOP_ON_FAILURE): Call Test Case 'Test Cases/BeforeCassa' successfully

2021-02-01 13:31:00 - [TEST_CASE][PASSED] - Test Cases/BeforeCassa: Test Cases/BeforeCassa

2021-02-01 13:31:00 - [TEST_STEP][PASSED] - startApplicationWithTitle("C:\Users\vinny\Documents\GitHub\NewDM\JAVA\NewDMApp\out\artifacts\NewDMApp\bundles\NewDMApp\NewDMApp.exe", ""): The application at location: C:\Users\vinny\Documents\GitHub\NewDM\JAVA\NewDMApp\out\artifacts\NewDMApp\bundles\NewDMApp\NewDMApp.exe started.

2021-02-01 13:31:00 - [MESSAGE][INFO] - Starting application C:\Users\vinny\Documents\GitHub\NewDM\JAVA\NewDMApp\out\artifacts\NewDMApp\bundles\NewDMApp\NewDMApp.exe on the local machine at address http://127.0.0.1:4723

2021-02-01 13:31:02 - [MESSAGE][PASSED] - The application at location: C:\Users\vinny\Documents\GitHub\NewDM\JAVA\NewDMApp\out\artifacts\NewDMApp\bundles\NewDMApp\NewDMApp.exe started.

2021-02-01 13:31:02 - [TEST_STEP][PASSED] - click(findWindowsObject("Cassa")): Click on element: Object Repository/Cassa succesfully

2021-02-01 13:31:03 - [MESSAGE][INFO] - Clicking on element: Object Repository/Cassa

2021-02-01 13:31:03 - [MESSAGE][PASSED] - Click on element: Object Repository/Cassa succesfully

2021-02-01 13:31:03 - [TEST_STEP][PASSED] - click(findWindowsObject("CodUtenteLogIn")): Click on element: Object Repository/CodUtenteLogIn succesfully

2021-02-01 13:31:04 - [MESSAGE][INFO] - Clicking on element: Object Repository/CodUtenteLogIn

2021-02-01 13:31:04 - [MESSAGE][PASSED] - Click on element: Object Repository/CodUtenteLogIn succesfully

2021-02-01 13:31:04 - [TEST_STEP][PASSED] - setText(findWindowsObject("CodUtenteLogInText"), "cirofu"): Text cirofu is set

2021-02-01 13:31:06 - [MESSAGE][PASSED] - Text cirofu is set

2021-02-01 13:31:06 - [TEST_STEP][PASSED] - click(findWindowsObject("PasswordLogIn")): Click on element: Object Repository/PasswordLogIn succesfully

2021-02-01 13:31:07 - [MESSAGE][INFO] - Clicking on element: Object Repository/PasswordLogIn

2021-02-01 13:31:07 - [MESSAGE][PASSED] - Click on element: Object Repository/PasswordLogIn succesfully

2021-02-01 13:31:07 - [TEST_STEP][PASSED] - setText(findWindowsObject("PasswordLogInText"), "cirofu"): Text cirofu is set

2021-02-01 13:31:09 - [MESSAGE][PASSED] - Text cirofu is set

2021-02-01 13:31:09 - [TEST_STEP][PASSED] - click(findWindowsObject("AccediLogIn")): Click on element: Object Repository/AccediLogIn succesfully

2021-02-01 13:31:10 - [MESSAGE][INFO] - Clicking on element: Object Repository/AccediLogIn

2021-02-01 13:31:10 - [MESSAGE][PASSED] - Click on element: Object Repository/AccediLogIn succesfully

2021-02-01 13:31:10 - [TEST_STEP][PASSED] - click(findWindowsObject("InserisciProdottoCassa")): Click on element: Object Repository/InserisciProdottoCassa succesfully

2021-02-01 13:31:11 - [MESSAGE][INFO] - Clicking on element: Object Repository/InserisciProdottoCassa

2021-02-01 13:31:11 - [MESSAGE][PASSED] - Click on element: Object Repository/InserisciProdottoCassa succesfully

2021-02-01 13:31:11 - [TEST_STEP][PASSED] - click(findWindowsObject("CodProdottoCassa")): Click on element: Object Repository/CodProdottoCassa succesfully

2021-02-01 13:31:12 - [MESSAGE][INFO] - Clicking on element: Object Repository/CodProdottoCassa

2021-02-01 13:31:12 - [MESSAGE][PASSED] - Click on element: Object Repository/CodProdottoCassa succesfully

2021-02-01 13:31:12 - [TEST_STEP][PASSED] - setText(findWindowsObject("CodProdottoCassaText"), "1000000000001"): Text 1000000000001 is set

2021-02-01 13:31:14 - [MESSAGE][PASSED] - Text 1000000000001 is set

2021-02-01 13:31:14 - [TEST_STEP][PASSED] - click(findWindowsObject("InserisciProdottoInserimentoCassa")): Click on element: Object Repository/InserisciProdottoInserimentoCassa succesfully

2021-02-01 13:31:15 - [MESSAGE][INFO] - Clicking on element: Object Repository/InserisciProdottoInserimentoCassa

2021-02-01 13:31:15 - [MESSAGE][PASSED] - Click on element: Object Repository/InserisciProdottoInserimentoCassa succesfully

2021-02-01 13:31:15 - [TEST_STEP][PASSED] - sendKeys(findWindowsObject("Object Repository/Window"), Keys.chord(ENTER)): Keys  are pressed

2021-02-01 13:31:16 - [MESSAGE][PASSED] - Keys  are pressed

2021-02-01 13:31:16 - [TEST_STEP][PASSED] - click(findWindowsObject("IndietroCassa")): Click on element: Object Repository/IndietroCassa succesfully

2021-02-01 13:31:16 - [MESSAGE][INFO] - Clicking on element: Object Repository/IndietroCassa

2021-02-01 13:31:16 - [MESSAGE][PASSED] - Click on element: Object Repository/IndietroCassa succesfully

2021-02-01 13:31:16 - [TEST_STEP][PASSED] - click(findWindowsObject("TerminaCassa")): Click on element: Object Repository/TerminaCassa succesfully

2021-02-01 13:31:17 - [MESSAGE][INFO] - Clicking on element: Object Repository/TerminaCassa

2021-02-01 13:31:17 - [MESSAGE][PASSED] - Click on element: Object Repository/TerminaCassa succesfully

2021-02-01 13:31:17 - [MESSAGE][PASSED] - Call Test Case 'Test Cases/BeforeCassa' successfully

2021-02-01 13:31:17 - [TEST_STEP][PASSED] - click(findWindowsObject("SommaVersata")): Click on element: Object Repository/SommaVersata succesfully

2021-02-01 13:31:18 - [MESSAGE][INFO] - Clicking on element: Object Repository/SommaVersata

2021-02-01 13:31:18 - [MESSAGE][PASSED] - Click on element: Object Repository/SommaVersata succesfully

2021-02-01 13:31:18 - [TEST_STEP][PASSED] - setText(findWindowsObject("SommaVersataText"), "0.00"): Text 0.00 is set

2021-02-01 13:31:20 - [MESSAGE][PASSED] - Text 0.00 is set

2021-02-01 13:31:20 - [TEST_STEP][PASSED] - click(findWindowsObject("ConfermaSommaVersata")): Click on element: Object Repository/ConfermaSommaVersata succesfully

2021-02-01 13:31:21 - [MESSAGE][INFO] - Clicking on element: Object Repository/ConfermaSommaVersata

2021-02-01 13:31:21 - [MESSAGE][PASSED] - Click on element: Object Repository/ConfermaSommaVersata succesfully

2021-02-01 13:31:21 - [TEST_STEP][PASSED] - switchToWindowTitle("Errore"): Switch to window 'Errore' successfully

2021-02-01 13:31:21 - [MESSAGE][INFO] - Start finding a window that matches with title 'Errore' in 120.000 millisecond(s)

2021-02-01 13:31:50 - [MESSAGE][PASSED] - Switch to window 'Errore' successfully

2021-02-01 13:31:50 - [TEST_STEP][PASSED] - text = getText(findWindowsObject("Object Repository/MessaggioErrore")): Text of test object: Object Repository/MessaggioErrore is: Importo versato non sufficiente

2021-02-01 13:31:50 - [MESSAGE][PASSED] - Text of test object: Object Repository/MessaggioErrore is: Importo versato non sufficiente

2021-02-01 13:31:50 - [TEST_STEP][PASSED] - assert text == "Importo versato non sufficiente": null

2021-02-01 13:31:50 - [TEST_STEP][PASSED] - closeApplication(): Fire Close event sucessfully.

2021-02-01 13:31:51 - [MESSAGE][PASSED] - Fire Close event sucessfully.]]></system-out>
         <system-err><![CDATA[]]></system-err>
      </testcase>
      <testcase name="Test Cases/TC_C_1_3" time="21.293" classname="Test Cases/TC_C_1_3" status="PASSED">
         <system-out><![CDATA[2021-02-01 13:31:51 - [TEST_CASE][PASSED] - Test Cases/TC_C_1_3: Test Cases/TC_C_1_3

2021-02-01 13:31:51 - [TEST_STEP][PASSED] - callTestCase(findTestCase("BeforeCassa"), [:], STOP_ON_FAILURE): Call Test Case 'Test Cases/BeforeCassa' successfully

2021-02-01 13:31:51 - [TEST_CASE][PASSED] - Test Cases/BeforeCassa: Test Cases/BeforeCassa

2021-02-01 13:31:51 - [TEST_STEP][PASSED] - startApplicationWithTitle("C:\Users\vinny\Documents\GitHub\NewDM\JAVA\NewDMApp\out\artifacts\NewDMApp\bundles\NewDMApp\NewDMApp.exe", ""): The application at location: C:\Users\vinny\Documents\GitHub\NewDM\JAVA\NewDMApp\out\artifacts\NewDMApp\bundles\NewDMApp\NewDMApp.exe started.

2021-02-01 13:31:51 - [MESSAGE][INFO] - Starting application C:\Users\vinny\Documents\GitHub\NewDM\JAVA\NewDMApp\out\artifacts\NewDMApp\bundles\NewDMApp\NewDMApp.exe on the local machine at address http://127.0.0.1:4723

2021-02-01 13:31:53 - [MESSAGE][PASSED] - The application at location: C:\Users\vinny\Documents\GitHub\NewDM\JAVA\NewDMApp\out\artifacts\NewDMApp\bundles\NewDMApp\NewDMApp.exe started.

2021-02-01 13:31:53 - [TEST_STEP][PASSED] - click(findWindowsObject("Cassa")): Click on element: Object Repository/Cassa succesfully

2021-02-01 13:31:53 - [MESSAGE][INFO] - Clicking on element: Object Repository/Cassa

2021-02-01 13:31:54 - [MESSAGE][PASSED] - Click on element: Object Repository/Cassa succesfully

2021-02-01 13:31:54 - [TEST_STEP][PASSED] - click(findWindowsObject("CodUtenteLogIn")): Click on element: Object Repository/CodUtenteLogIn succesfully

2021-02-01 13:31:54 - [MESSAGE][INFO] - Clicking on element: Object Repository/CodUtenteLogIn

2021-02-01 13:31:55 - [MESSAGE][PASSED] - Click on element: Object Repository/CodUtenteLogIn succesfully

2021-02-01 13:31:55 - [TEST_STEP][PASSED] - setText(findWindowsObject("CodUtenteLogInText"), "cirofu"): Text cirofu is set

2021-02-01 13:31:57 - [MESSAGE][PASSED] - Text cirofu is set

2021-02-01 13:31:57 - [TEST_STEP][PASSED] - click(findWindowsObject("PasswordLogIn")): Click on element: Object Repository/PasswordLogIn succesfully

2021-02-01 13:31:57 - [MESSAGE][INFO] - Clicking on element: Object Repository/PasswordLogIn

2021-02-01 13:31:57 - [MESSAGE][PASSED] - Click on element: Object Repository/PasswordLogIn succesfully

2021-02-01 13:31:57 - [TEST_STEP][PASSED] - setText(findWindowsObject("PasswordLogInText"), "cirofu"): Text cirofu is set

2021-02-01 13:31:59 - [MESSAGE][PASSED] - Text cirofu is set

2021-02-01 13:31:59 - [TEST_STEP][PASSED] - click(findWindowsObject("AccediLogIn")): Click on element: Object Repository/AccediLogIn succesfully

2021-02-01 13:32:00 - [MESSAGE][INFO] - Clicking on element: Object Repository/AccediLogIn

2021-02-01 13:32:00 - [MESSAGE][PASSED] - Click on element: Object Repository/AccediLogIn succesfully

2021-02-01 13:32:00 - [TEST_STEP][PASSED] - click(findWindowsObject("InserisciProdottoCassa")): Click on element: Object Repository/InserisciProdottoCassa succesfully

2021-02-01 13:32:01 - [MESSAGE][INFO] - Clicking on element: Object Repository/InserisciProdottoCassa

2021-02-01 13:32:02 - [MESSAGE][PASSED] - Click on element: Object Repository/InserisciProdottoCassa succesfully

2021-02-01 13:32:02 - [TEST_STEP][PASSED] - click(findWindowsObject("CodProdottoCassa")): Click on element: Object Repository/CodProdottoCassa succesfully

2021-02-01 13:32:02 - [MESSAGE][INFO] - Clicking on element: Object Repository/CodProdottoCassa

2021-02-01 13:32:02 - [MESSAGE][PASSED] - Click on element: Object Repository/CodProdottoCassa succesfully

2021-02-01 13:32:02 - [TEST_STEP][PASSED] - setText(findWindowsObject("CodProdottoCassaText"), "1000000000001"): Text 1000000000001 is set

2021-02-01 13:32:05 - [MESSAGE][PASSED] - Text 1000000000001 is set

2021-02-01 13:32:05 - [TEST_STEP][PASSED] - click(findWindowsObject("InserisciProdottoInserimentoCassa")): Click on element: Object Repository/InserisciProdottoInserimentoCassa succesfully

2021-02-01 13:32:05 - [MESSAGE][INFO] - Clicking on element: Object Repository/InserisciProdottoInserimentoCassa

2021-02-01 13:32:05 - [MESSAGE][PASSED] - Click on element: Object Repository/InserisciProdottoInserimentoCassa succesfully

2021-02-01 13:32:05 - [TEST_STEP][PASSED] - sendKeys(findWindowsObject("Object Repository/Window"), Keys.chord(ENTER)): Keys  are pressed

2021-02-01 13:32:06 - [MESSAGE][PASSED] - Keys  are pressed

2021-02-01 13:32:06 - [TEST_STEP][PASSED] - click(findWindowsObject("IndietroCassa")): Click on element: Object Repository/IndietroCassa succesfully

2021-02-01 13:32:06 - [MESSAGE][INFO] - Clicking on element: Object Repository/IndietroCassa

2021-02-01 13:32:07 - [MESSAGE][PASSED] - Click on element: Object Repository/IndietroCassa succesfully

2021-02-01 13:32:07 - [TEST_STEP][PASSED] - click(findWindowsObject("TerminaCassa")): Click on element: Object Repository/TerminaCassa succesfully

2021-02-01 13:32:07 - [MESSAGE][INFO] - Clicking on element: Object Repository/TerminaCassa

2021-02-01 13:32:07 - [MESSAGE][PASSED] - Click on element: Object Repository/TerminaCassa succesfully

2021-02-01 13:32:07 - [MESSAGE][PASSED] - Call Test Case 'Test Cases/BeforeCassa' successfully

2021-02-01 13:32:07 - [TEST_STEP][PASSED] - click(findWindowsObject("SommaVersata")): Click on element: Object Repository/SommaVersata succesfully

2021-02-01 13:32:08 - [MESSAGE][INFO] - Clicking on element: Object Repository/SommaVersata

2021-02-01 13:32:08 - [MESSAGE][PASSED] - Click on element: Object Repository/SommaVersata succesfully

2021-02-01 13:32:08 - [TEST_STEP][PASSED] - setText(findWindowsObject("SommaVersataText"), "100.00"): Text 100.00 is set

2021-02-01 13:32:10 - [MESSAGE][PASSED] - Text 100.00 is set

2021-02-01 13:32:10 - [TEST_STEP][PASSED] - click(findWindowsObject("ConfermaSommaVersata")): Click on element: Object Repository/ConfermaSommaVersata succesfully

2021-02-01 13:32:11 - [MESSAGE][INFO] - Clicking on element: Object Repository/ConfermaSommaVersata

2021-02-01 13:32:11 - [MESSAGE][PASSED] - Click on element: Object Repository/ConfermaSommaVersata succesfully

2021-02-01 13:32:11 - [TEST_STEP][PASSED] - text = getText(findWindowsObject("Object Repository/CassaRiepilogoLabel")): Text of test object: Object Repository/CassaRiepilogoLabel is: Cassa - Riepilogo

2021-02-01 13:32:12 - [MESSAGE][PASSED] - Text of test object: Object Repository/CassaRiepilogoLabel is: Cassa - Riepilogo

2021-02-01 13:32:12 - [TEST_STEP][PASSED] - assert text == "Cassa - Riepilogo": null

2021-02-01 13:32:12 - [TEST_STEP][PASSED] - closeApplication(): Fire Close event sucessfully.

2021-02-01 13:32:12 - [MESSAGE][PASSED] - Fire Close event sucessfully.]]></system-out>
         <system-err><![CDATA[]]></system-err>
      </testcase>
      <system-out><![CDATA[2021-02-01 13:30:06 - [TEST_SUITE][PASSED] - TestSuiteCassa: Test Cases/TC_C_1_3]]></system-out>
      <system-err><![CDATA[]]></system-err>
   </testsuite>
</testsuites>
