<?xml version="1.0" encoding="UTF-8"?>
<testsuites name="TestSuiteAssistenza" time="78.927" tests="2" failures="0" skips="0" errors="0">
   <testsuite name="TestSuiteAssistenza" tests="2" failures="0" errors="0" time="78.927" skips="0" timestamp="2021-01-31 16:47:00" hostname="vinny - LAPTOP-RE4EIHP2.homenet.telecomitalia.it" id="Test Suites/TestSuiteAssistenza">
      <properties>
         <property name="deviceName" value=""/>
         <property name="devicePlatform" value=""/>
         <property name="logFolder" value="C:\\Users\\vinny\\Documents\\GitHub\\NewDM\\NewDMKatalon\\Reports\\20210131_164652\\TestSuiteAssistenza\\20210131_164652"/>
         <property name="logFiles" value="C:\\Users\\vinny\\Documents\\GitHub\\NewDM\\NewDMKatalon\\Reports\\20210131_164652\\TestSuiteAssistenza\\20210131_164652\\execution0.log"/>
         <property name="attachments" value=""/>
         <property name="hostName" value="vinny - LAPTOP-RE4EIHP2.homenet.telecomitalia.it"/>
         <property name="hostAddress" value="192.168.1.39"/>
         <property name="desiredCapabilities" value="{}"/>
         <property name="os" value="Windows 10 64bit"/>
         <property name="katalonVersion" value="7.9.0.208"/>
      </properties>
      <testcase name="Test Cases/TC_A_1_1(2)" time="35.925" classname="Test Cases/TC_A_1_1(2)" status="PASSED">
         <system-out><![CDATA[2021-01-31 16:47:03 - [TEST_CASE][PASSED] - Test Cases/TC_A_1_1(2): Test Cases/TC_A_1_1(2)

2021-01-31 16:47:04 - [TEST_STEP][PASSED] - callTestCase(findTestCase("BeforeAssistenza"), [:], STOP_ON_FAILURE): Call Test Case 'Test Cases/BeforeAssistenza' successfully

2021-01-31 16:47:04 - [TEST_CASE][PASSED] - Test Cases/BeforeAssistenza: Test Cases/BeforeAssistenza

2021-01-31 16:47:05 - [TEST_STEP][PASSED] - startApplicationWithTitle("C:\Users\vinny\Documents\GitHub\NewDM\JAVA\NewDMApp\out\artifacts\NewDMApp\bundles\NewDMApp\NewDMApp.exe", ""): The application at location: C:\Users\vinny\Documents\GitHub\NewDM\JAVA\NewDMApp\out\artifacts\NewDMApp\bundles\NewDMApp\NewDMApp.exe started.

2021-01-31 16:47:05 - [MESSAGE][INFO] - Starting application C:\Users\vinny\Documents\GitHub\NewDM\JAVA\NewDMApp\out\artifacts\NewDMApp\bundles\NewDMApp\NewDMApp.exe on the local machine at address http://127.0.0.1:4723

2021-01-31 16:47:09 - [MESSAGE][PASSED] - The application at location: C:\Users\vinny\Documents\GitHub\NewDM\JAVA\NewDMApp\out\artifacts\NewDMApp\bundles\NewDMApp\NewDMApp.exe started.

2021-01-31 16:47:09 - [TEST_STEP][PASSED] - click(findWindowsObject("Object Repository/Assistenza")): Click on element: Object Repository/Assistenza succesfully

2021-01-31 16:47:09 - [MESSAGE][INFO] - Clicking on element: Object Repository/Assistenza

2021-01-31 16:47:10 - [MESSAGE][PASSED] - Click on element: Object Repository/Assistenza succesfully

2021-01-31 16:47:10 - [TEST_STEP][PASSED] - click(findWindowsObject("Object Repository/CodUtenteLogIn")): Click on element: Object Repository/CodUtenteLogIn succesfully

2021-01-31 16:47:10 - [MESSAGE][INFO] - Clicking on element: Object Repository/CodUtenteLogIn

2021-01-31 16:47:11 - [MESSAGE][PASSED] - Click on element: Object Repository/CodUtenteLogIn succesfully

2021-01-31 16:47:11 - [TEST_STEP][PASSED] - setText(findWindowsObject("Object Repository/CodUtenteLogInText"), "cirofu"): Text cirofu is set

2021-01-31 16:47:13 - [MESSAGE][PASSED] - Text cirofu is set

2021-01-31 16:47:13 - [TEST_STEP][PASSED] - click(findWindowsObject("Object Repository/PasswordLogIn")): Click on element: Object Repository/PasswordLogIn succesfully

2021-01-31 16:47:14 - [MESSAGE][INFO] - Clicking on element: Object Repository/PasswordLogIn

2021-01-31 16:47:14 - [MESSAGE][PASSED] - Click on element: Object Repository/PasswordLogIn succesfully

2021-01-31 16:47:14 - [TEST_STEP][PASSED] - setText(findWindowsObject("Object Repository/PasswordLogInText"), "cirofu"): Text cirofu is set

2021-01-31 16:47:16 - [MESSAGE][PASSED] - Text cirofu is set

2021-01-31 16:47:16 - [TEST_STEP][PASSED] - click(findWindowsObject("Object Repository/AccediLogin")): Click on element: Object Repository/AccediLogin succesfully

2021-01-31 16:47:17 - [MESSAGE][INFO] - Clicking on element: Object Repository/AccediLogin

2021-01-31 16:47:17 - [MESSAGE][PASSED] - Click on element: Object Repository/AccediLogin succesfully

2021-01-31 16:47:17 - [MESSAGE][PASSED] - Call Test Case 'Test Cases/BeforeAssistenza' successfully

2021-01-31 16:47:17 - [TEST_STEP][PASSED] - click(findWindowsObject("Object Repository/NomeCognomeAssistenza")): Click on element: Object Repository/NomeCognomeAssistenza succesfully

2021-01-31 16:47:19 - [MESSAGE][INFO] - Clicking on element: Object Repository/NomeCognomeAssistenza

2021-01-31 16:47:19 - [MESSAGE][PASSED] - Click on element: Object Repository/NomeCognomeAssistenza succesfully

2021-01-31 16:47:19 - [TEST_STEP][PASSED] - setText(findWindowsObject("Object Repository/NomeCognomeAssistenzaText"), "a"): Text a is set

2021-01-31 16:47:22 - [MESSAGE][PASSED] - Text a is set

2021-01-31 16:47:22 - [TEST_STEP][PASSED] - click(findWindowsObject("Object Repository/AvantiAssistenza")): Click on element: Object Repository/AvantiAssistenza succesfully

2021-01-31 16:47:23 - [MESSAGE][INFO] - Clicking on element: Object Repository/AvantiAssistenza

2021-01-31 16:47:24 - [MESSAGE][PASSED] - Click on element: Object Repository/AvantiAssistenza succesfully

2021-01-31 16:47:24 - [TEST_STEP][PASSED] - switchToWindowTitle("Errore"): Switch to window 'Errore' successfully

2021-01-31 16:47:24 - [MESSAGE][INFO] - Start finding a window that matches with title 'Errore' in 120.000 millisecond(s)

2021-01-31 16:47:38 - [MESSAGE][PASSED] - Switch to window 'Errore' successfully

2021-01-31 16:47:38 - [TEST_STEP][PASSED] - text = getText(findWindowsObject("Object Repository/MessaggioErrore")): Text of test object: Object Repository/MessaggioErrore is: Inserire nome e cognome validi

2021-01-31 16:47:38 - [MESSAGE][PASSED] - Text of test object: Object Repository/MessaggioErrore is: Inserire nome e cognome validi

2021-01-31 16:47:38 - [TEST_STEP][PASSED] - assert text == "Inserire nome e cognome validi": null

2021-01-31 16:47:38 - [TEST_STEP][PASSED] - closeApplication(): Fire Close event sucessfully.

2021-01-31 16:47:39 - [MESSAGE][PASSED] - Fire Close event sucessfully.]]></system-out>
         <system-err><![CDATA[]]></system-err>
      </testcase>
      <testcase name="Test Cases/TC_A_1_2" time="40.116" classname="Test Cases/TC_A_1_2" status="PASSED">
         <system-out><![CDATA[2021-01-31 16:47:39 - [TEST_CASE][PASSED] - Test Cases/TC_A_1_2: Test Cases/TC_A_1_2

2021-01-31 16:47:39 - [TEST_STEP][PASSED] - callTestCase(findTestCase("BeforeAssistenza"), [:], STOP_ON_FAILURE): Call Test Case 'Test Cases/BeforeAssistenza' successfully

2021-01-31 16:47:39 - [TEST_CASE][PASSED] - Test Cases/BeforeAssistenza: Test Cases/BeforeAssistenza

2021-01-31 16:47:39 - [TEST_STEP][PASSED] - startApplicationWithTitle("C:\Users\vinny\Documents\GitHub\NewDM\JAVA\NewDMApp\out\artifacts\NewDMApp\bundles\NewDMApp\NewDMApp.exe", ""): The application at location: C:\Users\vinny\Documents\GitHub\NewDM\JAVA\NewDMApp\out\artifacts\NewDMApp\bundles\NewDMApp\NewDMApp.exe started.

2021-01-31 16:47:39 - [MESSAGE][INFO] - Starting application C:\Users\vinny\Documents\GitHub\NewDM\JAVA\NewDMApp\out\artifacts\NewDMApp\bundles\NewDMApp\NewDMApp.exe on the local machine at address http://127.0.0.1:4723

2021-01-31 16:47:42 - [MESSAGE][PASSED] - The application at location: C:\Users\vinny\Documents\GitHub\NewDM\JAVA\NewDMApp\out\artifacts\NewDMApp\bundles\NewDMApp\NewDMApp.exe started.

2021-01-31 16:47:42 - [TEST_STEP][PASSED] - click(findWindowsObject("Object Repository/Assistenza")): Click on element: Object Repository/Assistenza succesfully

2021-01-31 16:47:42 - [MESSAGE][INFO] - Clicking on element: Object Repository/Assistenza

2021-01-31 16:47:43 - [MESSAGE][PASSED] - Click on element: Object Repository/Assistenza succesfully

2021-01-31 16:47:43 - [TEST_STEP][PASSED] - click(findWindowsObject("Object Repository/CodUtenteLogIn")): Click on element: Object Repository/CodUtenteLogIn succesfully

2021-01-31 16:47:43 - [MESSAGE][INFO] - Clicking on element: Object Repository/CodUtenteLogIn

2021-01-31 16:47:44 - [MESSAGE][PASSED] - Click on element: Object Repository/CodUtenteLogIn succesfully

2021-01-31 16:47:44 - [TEST_STEP][PASSED] - setText(findWindowsObject("Object Repository/CodUtenteLogInText"), "cirofu"): Text cirofu is set

2021-01-31 16:47:46 - [MESSAGE][PASSED] - Text cirofu is set

2021-01-31 16:47:46 - [TEST_STEP][PASSED] - click(findWindowsObject("Object Repository/PasswordLogIn")): Click on element: Object Repository/PasswordLogIn succesfully

2021-01-31 16:47:47 - [MESSAGE][INFO] - Clicking on element: Object Repository/PasswordLogIn

2021-01-31 16:47:47 - [MESSAGE][PASSED] - Click on element: Object Repository/PasswordLogIn succesfully

2021-01-31 16:47:47 - [TEST_STEP][PASSED] - setText(findWindowsObject("Object Repository/PasswordLogInText"), "cirofu"): Text cirofu is set

2021-01-31 16:47:50 - [MESSAGE][PASSED] - Text cirofu is set

2021-01-31 16:47:50 - [TEST_STEP][PASSED] - click(findWindowsObject("Object Repository/AccediLogin")): Click on element: Object Repository/AccediLogin succesfully

2021-01-31 16:47:50 - [MESSAGE][INFO] - Clicking on element: Object Repository/AccediLogin

2021-01-31 16:47:51 - [MESSAGE][PASSED] - Click on element: Object Repository/AccediLogin succesfully

2021-01-31 16:47:51 - [MESSAGE][PASSED] - Call Test Case 'Test Cases/BeforeAssistenza' successfully

2021-01-31 16:47:51 - [TEST_STEP][PASSED] - click(findWindowsObject("Object Repository/NomeCognomeAssistenza")): Click on element: Object Repository/NomeCognomeAssistenza succesfully

2021-01-31 16:47:52 - [MESSAGE][INFO] - Clicking on element: Object Repository/NomeCognomeAssistenza

2021-01-31 16:47:53 - [MESSAGE][PASSED] - Click on element: Object Repository/NomeCognomeAssistenza succesfully

2021-01-31 16:47:53 - [TEST_STEP][PASSED] - setText(findWindowsObject("Object Repository/NomeCognomeAssistenzaText"), "Franco Cirillo"): Text Franco Cirillo is set

2021-01-31 16:47:57 - [MESSAGE][PASSED] - Text Franco Cirillo is set

2021-01-31 16:47:57 - [TEST_STEP][PASSED] - click(findWindowsObject("Object Repository/IndirizzoAssistenza")): Click on element: Object Repository/IndirizzoAssistenza succesfully

2021-01-31 16:47:58 - [MESSAGE][INFO] - Clicking on element: Object Repository/IndirizzoAssistenza

2021-01-31 16:47:58 - [MESSAGE][PASSED] - Click on element: Object Repository/IndirizzoAssistenza succesfully

2021-01-31 16:47:58 - [TEST_STEP][PASSED] - setText(findWindowsObject("Object Repository/IndirizzoAssistenzaText"), "V"): Text V is set

2021-01-31 16:48:02 - [MESSAGE][PASSED] - Text V is set

2021-01-31 16:48:02 - [TEST_STEP][PASSED] - click(findWindowsObject("Object Repository/AvantiAssistenza")): Click on element: Object Repository/AvantiAssistenza succesfully

2021-01-31 16:48:03 - [MESSAGE][INFO] - Clicking on element: Object Repository/AvantiAssistenza

2021-01-31 16:48:03 - [MESSAGE][PASSED] - Click on element: Object Repository/AvantiAssistenza succesfully

2021-01-31 16:48:03 - [TEST_STEP][PASSED] - switchToWindowTitle("Errore"): Switch to window 'Errore' successfully

2021-01-31 16:48:04 - [MESSAGE][INFO] - Start finding a window that matches with title 'Errore' in 120.000 millisecond(s)

2021-01-31 16:48:18 - [MESSAGE][PASSED] - Switch to window 'Errore' successfully

2021-01-31 16:48:18 - [TEST_STEP][PASSED] - text = getText(findWindowsObject("Object Repository/MessaggioErrore")): Text of test object: Object Repository/MessaggioErrore is: Inserire un indirizzo valido

2021-01-31 16:48:18 - [MESSAGE][PASSED] - Text of test object: Object Repository/MessaggioErrore is: Inserire un indirizzo valido

2021-01-31 16:48:18 - [TEST_STEP][PASSED] - assert text == "Inserire un indirizzo valido": null

2021-01-31 16:48:18 - [TEST_STEP][PASSED] - closeApplication(): Fire Close event sucessfully.

2021-01-31 16:48:19 - [MESSAGE][PASSED] - Fire Close event sucessfully.]]></system-out>
         <system-err><![CDATA[]]></system-err>
      </testcase>
      <system-out><![CDATA[2021-01-31 16:47:00 - [TEST_SUITE][PASSED] - TestSuiteAssistenza: Test Cases/TC_A_1_2]]></system-out>
      <system-err><![CDATA[]]></system-err>
   </testsuite>
</testsuites>
